2025-11-23 10:10:28,026 - core.config - INFO - Configuration loaded successfully
2025-11-23 10:10:28,028 - core.graphics_manager - INFO - Loaded graphics settings: 1024x768
2025-11-23 10:10:28,152 - core.graphics_manager - INFO - Display initialized: (1024, 768), Fullscreen: False
2025-11-23 10:10:28,155 - core.audio_manager - INFO - Loaded audio settings: Master Volume 1.0, Enabled True
2025-11-23 10:10:28,728 - core.audio_manager - INFO - Audio system initialized successfully
2025-11-23 10:10:28,794 - ui.settings_view - INFO - Settings view initialized
2025-11-23 10:10:28,795 - ui.settings_view - INFO - Settings view shown
2025-11-23 10:10:28,796 - ui.settings_view - INFO - Settings view hidden
2025-11-23 10:10:28,797 - ui.settings_view - INFO - Settings view shown
2025-11-23 10:10:28,835 - ui.settings_view - INFO - Settings view initialized
2025-11-23 10:10:28,836 - managers.settings_manager - INFO - Settings manager initialized
2025-11-23 10:10:28,836 - ui.settings_view - INFO - Settings view shown
2025-11-23 10:10:28,837 - managers.settings_manager - INFO - Settings shown, tab: graphics
2025-11-23 10:10:28,838 - ui.settings_view - INFO - Settings view hidden
2025-11-23 10:10:28,838 - managers.settings_manager - INFO - Settings hidden
2025-11-23 10:10:28,839 - ui.settings_view - INFO - Settings view shown
2025-11-23 10:10:28,839 - managers.settings_manager - INFO - Settings shown, tab: graphics
2025-11-23 10:10:28,840 - ui.settings_view - INFO - Settings view hidden
2025-11-23 10:10:28,840 - managers.settings_manager - INFO - Settings hidden
2025-11-23 10:10:28,841 - ui.settings_view - INFO - Settings view shown
2025-11-23 10:10:28,842 - managers.settings_manager - INFO - Settings shown, tab: graphics
2025-11-23 10:10:28,852 - ui.settings_view - INFO - Settings view initialized
2025-11-23 10:10:28,853 - managers.settings_manager - INFO - Settings manager initialized
2025-11-23 10:10:28,853 - ui.settings_view - INFO - Settings view shown
2025-11-23 10:10:28,854 - managers.settings_manager - INFO - Settings shown, tab: graphics
2025-11-23 10:10:28,859 - core.config - INFO - Configuration saved successfully
2025-11-23 10:10:28,860 - core.graphics_manager - INFO - Graphics quality set to high
2025-11-23 10:10:30,565 - core.graphics_manager - INFO - Display initialized: (1024, 768), Fullscreen: True
2025-11-23 10:10:30,575 - core.config - INFO - Configuration saved successfully
2025-11-23 10:10:30,576 - core.graphics_manager - INFO - VSync enabled
2025-11-23 10:10:30,581 - core.config - INFO - Configuration saved successfully
2025-11-23 10:10:30,582 - core.graphics_manager - INFO - Frame rate limit set to 60
2025-11-23 10:10:30,587 - core.config - INFO - Configuration saved successfully
2025-11-23 10:10:30,588 - core.audio_manager - INFO - Master volume set to 1.00
2025-11-23 10:10:30,594 - core.config - INFO - Configuration saved successfully
2025-11-23 10:10:30,594 - core.audio_manager - INFO - Music volume set to 0.80
2025-11-23 10:10:30,598 - core.config - INFO - Configuration saved successfully
2025-11-23 10:10:30,598 - core.audio_manager - INFO - SFX volume set to 0.90
2025-11-23 10:10:30,602 - core.config - INFO - Configuration saved successfully
2025-11-23 10:10:30,603 - core.audio_manager - INFO - Voice volume set to 1.00
2025-11-23 10:10:30,606 - core.config - INFO - Configuration saved successfully
2025-11-23 10:10:30,607 - core.audio_manager - INFO - Audio enabled
2025-11-23 10:10:30,611 - core.config - INFO - Configuration saved successfully
2025-11-23 10:10:30,612 - core.audio_manager - INFO - Mute when inactive disabled
2025-11-23 10:10:30,616 - core.config - INFO - Configuration saved successfully
2025-11-23 10:10:30,616 - managers.settings_manager - INFO - Settings applied successfully
2025-11-23 10:10:30,620 - core.config - INFO - Configuration saved successfully
2025-11-23 10:10:30,620 - core.config - INFO - Configuration reset to defaults
2025-11-23 10:10:31,262 - core.graphics_manager - INFO - Display initialized: (1024, 768), Fullscreen: False
2025-11-23 10:10:31,266 - core.config - INFO - Configuration saved successfully
2025-11-23 10:10:31,267 - core.graphics_manager - INFO - Graphics settings reset to defaults
2025-11-23 10:10:31,271 - core.config - INFO - Configuration saved successfully
2025-11-23 10:10:31,271 - core.audio_manager - INFO - Audio settings reset to defaults
2025-11-23 10:10:31,271 - managers.settings_manager - INFO - Settings reset to defaults
2025-11-23 10:10:31,300 - ui.settings_view - INFO - Settings view initialized
2025-11-23 10:10:31,300 - managers.settings_manager - INFO - Settings manager initialized
2025-11-23 10:10:31,300 - ui.settings_view - INFO - Settings view shown
2025-11-23 10:10:31,301 - managers.settings_manager - INFO - Settings shown, tab: graphics
