2025-11-23 10:07:24,438 - core.config - INFO - Configuration loaded successfully
2025-11-23 10:07:24,439 - core.graphics_manager - INFO - Loaded graphics settings: 1024x768
2025-11-23 10:07:24,544 - core.graphics_manager - INFO - Display initialized: (1024, 768), Fullscreen: False
2025-11-23 10:07:24,548 - core.audio_manager - INFO - Loaded audio settings: Master Volume 1.0, Enabled True
2025-11-23 10:07:25,331 - core.audio_manager - INFO - Audio system initialized successfully
2025-11-23 10:07:25,396 - ui.settings_view - INFO - Settings view initialized
2025-11-23 10:07:25,397 - ui.settings_view - INFO - Settings view shown
2025-11-23 10:07:25,397 - ui.settings_view - INFO - Settings view hidden
2025-11-23 10:07:25,398 - ui.settings_view - INFO - Settings view shown
2025-11-23 10:07:25,425 - ui.settings_view - INFO - Settings view initialized
2025-11-23 10:07:25,425 - managers.settings_manager - INFO - Settings manager initialized
2025-11-23 10:07:25,426 - ui.settings_view - INFO - Settings view shown
2025-11-23 10:07:25,427 - managers.settings_manager - INFO - Settings shown, tab: graphics
2025-11-23 10:07:25,428 - ui.settings_view - INFO - Settings view hidden
2025-11-23 10:07:25,428 - managers.settings_manager - INFO - Settings hidden
2025-11-23 10:07:25,429 - ui.settings_view - INFO - Settings view shown
2025-11-23 10:07:25,430 - managers.settings_manager - INFO - Settings shown, tab: graphics
2025-11-23 10:07:25,430 - ui.settings_view - INFO - Settings view hidden
2025-11-23 10:07:25,431 - managers.settings_manager - INFO - Settings hidden
2025-11-23 10:07:25,431 - ui.settings_view - INFO - Settings view shown
2025-11-23 10:07:25,432 - managers.settings_manager - INFO - Settings shown, tab: graphics
2025-11-23 10:07:25,444 - ui.settings_view - INFO - Settings view initialized
2025-11-23 10:07:25,445 - managers.settings_manager - INFO - Settings manager initialized
2025-11-23 10:07:25,445 - ui.settings_view - INFO - Settings view shown
2025-11-23 10:07:25,446 - managers.settings_manager - INFO - Settings shown, tab: graphics
2025-11-23 10:07:25,451 - core.config - INFO - Configuration saved successfully
2025-11-23 10:07:25,452 - core.graphics_manager - INFO - Graphics quality set to high
2025-11-23 10:07:27,026 - core.graphics_manager - INFO - Display initialized: (1024, 768), Fullscreen: True
2025-11-23 10:07:27,031 - core.config - INFO - Configuration saved successfully
2025-11-23 10:07:27,032 - core.graphics_manager - INFO - VSync enabled
2025-11-23 10:07:27,038 - core.config - INFO - Configuration saved successfully
2025-11-23 10:07:27,039 - core.graphics_manager - INFO - Frame rate limit set to 60
2025-11-23 10:07:27,043 - core.config - INFO - Configuration saved successfully
2025-11-23 10:07:27,044 - core.audio_manager - INFO - Master volume set to 1.00
2025-11-23 10:07:27,047 - core.config - INFO - Configuration saved successfully
2025-11-23 10:07:27,047 - core.audio_manager - INFO - Music volume set to 0.80
2025-11-23 10:07:27,051 - core.config - INFO - Configuration saved successfully
2025-11-23 10:07:27,051 - core.audio_manager - INFO - SFX volume set to 0.90
2025-11-23 10:07:27,054 - core.config - INFO - Configuration saved successfully
2025-11-23 10:07:27,055 - core.audio_manager - INFO - Voice volume set to 1.00
2025-11-23 10:07:27,058 - core.config - INFO - Configuration saved successfully
2025-11-23 10:07:27,059 - core.audio_manager - INFO - Audio enabled
2025-11-23 10:07:27,063 - core.config - INFO - Configuration saved successfully
2025-11-23 10:07:27,063 - core.audio_manager - INFO - Mute when inactive disabled
2025-11-23 10:07:27,067 - core.config - INFO - Configuration saved successfully
2025-11-23 10:07:27,067 - managers.settings_manager - INFO - Settings applied successfully
2025-11-23 10:07:27,071 - core.config - INFO - Configuration saved successfully
2025-11-23 10:07:27,071 - core.config - INFO - Configuration reset to defaults
2025-11-23 10:07:27,752 - core.graphics_manager - INFO - Display initialized: (1024, 768), Fullscreen: False
2025-11-23 10:07:27,755 - core.config - INFO - Configuration saved successfully
2025-11-23 10:07:27,756 - core.graphics_manager - INFO - Graphics settings reset to defaults
2025-11-23 10:07:27,760 - core.config - INFO - Configuration saved successfully
2025-11-23 10:07:27,761 - core.audio_manager - INFO - Audio settings reset to defaults
2025-11-23 10:07:27,761 - managers.settings_manager - INFO - Settings reset to defaults
2025-11-23 10:07:27,782 - ui.settings_view - INFO - Settings view initialized
2025-11-23 10:07:27,782 - managers.settings_manager - INFO - Settings manager initialized
2025-11-23 10:07:27,783 - ui.settings_view - INFO - Settings view shown
2025-11-23 10:07:27,783 - managers.settings_manager - INFO - Settings shown, tab: graphics
