2025-11-23 23:18:19,034 - monitoring_system - INFO - Integrated monitoring system initialized
2025-11-23 23:18:19,135 - managers.save_manager - INFO - SaveManager initialized with directory: C:\Users\cheat\AppData\Roaming\TurboShells
2025-11-23 23:18:19,136 - managers.save_manager - INFO - SaveManager initialized with directory: C:\Users\cheat\AppData\Roaming\TurboShells
2025-11-23 23:18:19,148 - core.config - INFO - Configuration loaded successfully
2025-11-23 23:18:19,148 - audio.audio_manager - INFO - Loaded audio settings: Master Volume 0.5, Enabled True
2025-11-23 23:18:19,574 - audio.audio_manager - INFO - Audio system initialized successfully
2025-11-23 23:18:19,577 - graphics.graphics_manager - INFO - Loaded graphics settings: 1024x768
2025-11-23 23:18:19,639 - graphics.graphics_manager - INFO - Display initialized: (1024, 768), Fullscreen: False
2025-11-23 23:18:19,646 - overlay - ERROR - Failed to initialize overlay: font not initialized
2025-11-23 23:18:19,701 - main - INFO - Initializing TurboShells game...
2025-11-23 23:18:19,702 - monitoring - WARNING - Low FPS: 0.0
2025-11-23 23:18:19,702 - monitoring - INFO - Real-time monitoring started
2025-11-23 23:18:19,702 - statistics - INFO - New gaming session started
2025-11-23 23:18:19,702 - monitoring_system - INFO - Monitoring system started
2025-11-23 23:18:19,702 - main - INFO - Monitoring system started
2025-11-23 23:18:19,704 - components.settings_view_refactored - INFO - Refactored settings view initialized
2025-11-23 23:18:19,705 - managers.settings_manager - INFO - Settings manager initialized
2025-11-23 23:18:19,705 - managers.save_manager - INFO - SaveManager initialized with directory: C:\Users\cheat\AppData\Roaming\TurboShells
2025-11-23 23:18:19,715 - core.auto_load_system - INFO - Save file found at C:\Users\cheat\AppData\Roaming\TurboShells\turbo_shells_save.json
2025-11-23 23:18:19,715 - core.auto_load_system - INFO - Attempting to restore game state from save file
2025-11-23 23:18:19,725 - managers.save_manager - INFO - Game loaded successfully from C:\Users\cheat\AppData\Roaming\TurboShells\turbo_shells_save.json
2025-11-23 23:18:19,726 - core.auto_load_system - INFO - Successfully restored game state for player player_20251123_112134
2025-11-23 23:18:28,252 - statistics - INFO - Turtle bred (total: 1)
2025-11-23 23:18:28,258 - managers.save_manager - INFO - Backup created successfully
2025-11-23 23:18:28,259 - managers.save_manager - INFO - Game saved successfully to C:\Users\cheat\AppData\Roaming\TurboShells\turbo_shells_save.json
2025-11-23 23:18:30,430 - managers.save_manager - INFO - Backup created successfully
2025-11-23 23:18:30,431 - managers.save_manager - INFO - Game saved successfully to C:\Users\cheat\AppData\Roaming\TurboShells\turbo_shells_save.json
2025-11-23 23:18:30,707 - monitoring - INFO - Real-time monitoring stopped
2025-11-23 23:18:30,707 - statistics - INFO - Session ended: {'start_time': '2025-11-23T23:18:19.702420', 'duration_minutes': 0, 'races_completed': 0, 'races_won': 0, 'earnings': 0.0}
2025-11-23 23:18:30,707 - monitoring_system - INFO - Monitoring system stopped
