2025-11-23 15:10:19,382 - monitoring_system - INFO - Integrated monitoring system initialized
2025-11-23 15:10:20,458 - managers.save_manager - INFO - SaveManager initialized with directory: C:\Users\cheat\AppData\Roaming\TurboShells
2025-11-23 15:10:20,459 - managers.save_manager - INFO - SaveManager initialized with directory: C:\Users\cheat\AppData\Roaming\TurboShells
2025-11-23 15:10:20,509 - core.config - INFO - Configuration loaded successfully
2025-11-23 15:10:20,511 - core.graphics_manager - INFO - Loaded graphics settings: 1024x768
2025-11-23 15:10:20,604 - core.graphics_manager - INFO - Display initialized: (1024, 768), Fullscreen: False
2025-11-23 15:10:20,608 - core.audio_manager - INFO - Loaded audio settings: Master Volume 0.5, Enabled True
2025-11-23 15:10:21,313 - core.audio_manager - INFO - Audio system initialized successfully
2025-11-23 15:10:21,324 - overlay - ERROR - Failed to initialize overlay: font not initialized
2025-11-23 15:10:21,636 - main - INFO - Initializing TurboShells game...
2025-11-23 15:10:21,637 - monitoring - WARNING - Low FPS: 0.0
2025-11-23 15:10:21,637 - monitoring - INFO - Real-time monitoring started
2025-11-23 15:10:21,638 - statistics - INFO - New gaming session started
2025-11-23 15:10:21,638 - monitoring_system - INFO - Monitoring system started
2025-11-23 15:10:21,638 - main - INFO - Monitoring system started
2025-11-23 15:10:21,660 - ui.settings_view - INFO - Settings view initialized
2025-11-23 15:10:21,661 - managers.settings_manager - INFO - Settings manager initialized
2025-11-23 15:10:21,663 - managers.save_manager - INFO - SaveManager initialized with directory: C:\Users\cheat\AppData\Roaming\TurboShells
2025-11-23 15:10:21,688 - core.auto_load_system - INFO - Save file found at C:\Users\cheat\AppData\Roaming\TurboShells\turbo_shells_save.json
2025-11-23 15:10:21,689 - core.auto_load_system - INFO - Attempting to restore game state from save file
2025-11-23 15:10:21,712 - managers.save_manager - INFO - Game loaded successfully from C:\Users\cheat\AppData\Roaming\TurboShells\turbo_shells_save.json
2025-11-23 15:10:21,713 - core.auto_load_system - INFO - Successfully restored game state for player player_20251123_112134
2025-11-23 15:10:23,493 - ui.settings_view - INFO - Settings view shown
2025-11-23 15:10:23,494 - managers.settings_manager - INFO - Settings shown, tab: graphics
