2025-11-23 14:14:11,397 - monitoring_system - INFO - Integrated monitoring system initialized
2025-11-23 14:14:11,484 - managers.save_manager - INFO - SaveManager initialized with directory: C:\Users\cheat\AppData\Roaming\TurboShells
2025-11-23 14:14:11,485 - managers.save_manager - INFO - SaveManager initialized with directory: C:\Users\cheat\AppData\Roaming\TurboShells
2025-11-23 14:14:11,501 - core.config - INFO - Configuration loaded successfully
2025-11-23 14:14:11,503 - core.graphics_manager - INFO - Loaded graphics settings: 1024x768
2025-11-23 14:14:11,578 - core.graphics_manager - INFO - Display initialized: (1024, 768), Fullscreen: False
2025-11-23 14:14:11,580 - core.audio_manager - INFO - Loaded audio settings: Master Volume 0.5, Enabled True
2025-11-23 14:14:12,171 - core.audio_manager - INFO - Audio system initialized successfully
2025-11-23 14:14:12,179 - overlay - ERROR - Failed to initialize overlay: font not initialized
2025-11-23 14:14:12,233 - main - INFO - Initializing TurboShells game...
2025-11-23 14:14:12,234 - monitoring - WARNING - Low FPS: 0.0
2025-11-23 14:14:12,234 - monitoring - INFO - Real-time monitoring started
2025-11-23 14:14:12,235 - statistics - INFO - New gaming session started
2025-11-23 14:14:12,235 - monitoring_system - INFO - Monitoring system started
2025-11-23 14:14:12,235 - main - INFO - Monitoring system started
2025-11-23 14:14:12,238 - ui.settings_view - INFO - Settings view initialized
2025-11-23 14:14:12,239 - managers.settings_manager - INFO - Settings manager initialized
2025-11-23 14:14:12,239 - managers.save_manager - INFO - SaveManager initialized with directory: C:\Users\cheat\AppData\Roaming\TurboShells
2025-11-23 14:14:12,240 - core.auto_load_system - INFO - Save file found at C:\Users\cheat\AppData\Roaming\TurboShells\turbo_shells_save.json
2025-11-23 14:14:12,240 - core.auto_load_system - INFO - Attempting to restore game state from save file
2025-11-23 14:14:12,261 - managers.save_manager - INFO - Game loaded successfully from C:\Users\cheat\AppData\Roaming\TurboShells\turbo_shells_save.json
2025-11-23 14:14:12,262 - core.auto_load_system - INFO - Successfully restored game state for player player_20251123_112134
2025-11-23 14:15:14,727 - managers.save_manager - INFO - Backup created successfully
2025-11-23 14:15:14,729 - managers.save_manager - INFO - Game saved successfully to C:\Users\cheat\AppData\Roaming\TurboShells\turbo_shells_save.json
2025-11-23 14:15:15,281 - monitoring - INFO - Real-time monitoring stopped
2025-11-23 14:15:15,282 - statistics - INFO - Session ended: {'start_time': '2025-11-23T14:14:12.235252', 'duration_minutes': 1, 'races_completed': 0, 'races_won': 0, 'earnings': 0.0}
2025-11-23 14:15:15,282 - monitoring_system - INFO - Monitoring system stopped
