2025-11-23 15:11:17,223 - monitoring_system - INFO - Integrated monitoring system initialized
2025-11-23 15:11:17,340 - managers.save_manager - INFO - SaveManager initialized with directory: C:\Users\cheat\AppData\Roaming\TurboShells
2025-11-23 15:11:17,341 - managers.save_manager - INFO - SaveManager initialized with directory: C:\Users\cheat\AppData\Roaming\TurboShells
2025-11-23 15:11:17,363 - core.config - INFO - Configuration loaded successfully
2025-11-23 15:11:17,365 - core.graphics_manager - INFO - Loaded graphics settings: 1024x768
2025-11-23 15:11:17,500 - core.graphics_manager - INFO - Display initialized: (1024, 768), Fullscreen: False
2025-11-23 15:11:17,504 - core.audio_manager - INFO - Loaded audio settings: Master Volume 0.5, Enabled True
2025-11-23 15:11:18,065 - core.audio_manager - INFO - Audio system initialized successfully
2025-11-23 15:11:18,078 - overlay - ERROR - Failed to initialize overlay: font not initialized
2025-11-23 15:11:18,193 - main - INFO - Initializing TurboShells game...
2025-11-23 15:11:18,195 - monitoring - WARNING - Low FPS: 0.0
2025-11-23 15:11:18,195 - monitoring - INFO - Real-time monitoring started
2025-11-23 15:11:18,196 - statistics - INFO - New gaming session started
2025-11-23 15:11:18,197 - monitoring_system - INFO - Monitoring system started
2025-11-23 15:11:18,197 - main - INFO - Monitoring system started
2025-11-23 15:11:18,204 - ui.settings_view - INFO - Settings view initialized
2025-11-23 15:11:18,204 - managers.settings_manager - INFO - Settings manager initialized
2025-11-23 15:11:18,206 - managers.save_manager - INFO - SaveManager initialized with directory: C:\Users\cheat\AppData\Roaming\TurboShells
2025-11-23 15:11:18,208 - core.auto_load_system - INFO - Save file found at C:\Users\cheat\AppData\Roaming\TurboShells\turbo_shells_save.json
2025-11-23 15:11:18,209 - core.auto_load_system - INFO - Attempting to restore game state from save file
2025-11-23 15:11:18,211 - managers.save_manager - INFO - Game loaded successfully from C:\Users\cheat\AppData\Roaming\TurboShells\turbo_shells_save.json
2025-11-23 15:11:18,213 - core.auto_load_system - INFO - Successfully restored game state for player player_20251123_112134
2025-11-23 15:11:18,888 - ui.settings_view - INFO - Settings view shown
2025-11-23 15:11:18,889 - managers.settings_manager - INFO - Settings shown, tab: graphics
