2025-11-23 10:17:30,279 - core.config - INFO - Configuration loaded successfully
2025-11-23 10:17:30,283 - core.graphics_manager - INFO - Loaded graphics settings: 1024x768
2025-11-23 10:17:30,382 - core.graphics_manager - INFO - Display initialized: (1024, 768), Fullscreen: False
2025-11-23 10:17:30,385 - core.audio_manager - INFO - Loaded audio settings: Master Volume 1.0, Enabled True
2025-11-23 10:17:30,751 - core.audio_manager - INFO - Audio system initialized successfully
2025-11-23 10:17:30,852 - ui.settings_view - INFO - Settings view initialized
2025-11-23 10:17:30,852 - managers.settings_manager - INFO - Settings manager initialized
2025-11-23 10:17:30,854 - managers.save_manager - INFO - SaveManager initialized with directory: C:\Users\cheat\AppData\Roaming\TurboShells
2025-11-23 10:17:30,865 - core.auto_load_system - INFO - Save file found at C:\Users\cheat\AppData\Roaming\TurboShells\turbo_shells_save.json
2025-11-23 10:17:30,866 - core.auto_load_system - INFO - Attempting to restore game state from save file
2025-11-23 10:17:30,886 - managers.save_manager - INFO - Game loaded successfully from C:\Users\cheat\AppData\Roaming\TurboShells\turbo_shells_save.json
2025-11-23 10:17:30,887 - core.auto_load_system - INFO - Successfully restored game state for player player_20251122_235300
2025-11-23 10:17:33,811 - ui.settings_view - INFO - Settings view shown
2025-11-23 10:17:33,812 - managers.settings_manager - INFO - Settings shown, tab: graphics
2025-11-23 10:17:39,404 - core.config - INFO - Configuration saved successfully
2025-11-23 10:17:39,412 - core.graphics_manager - INFO - Display initialized: (1024, 768), Fullscreen: False
2025-11-23 10:17:39,413 - ui.settings_view - INFO - Settings applied
2025-11-23 10:17:39,414 - ui.settings_view - INFO - Settings view hidden
2025-11-23 10:17:40,153 - ui.settings_view - INFO - Settings view shown
2025-11-23 10:17:40,154 - managers.settings_manager - INFO - Settings shown, tab: graphics
2025-11-23 10:17:49,894 - ui.settings_view - INFO - Settings view hidden
2025-11-23 10:17:49,895 - managers.settings_manager - INFO - Settings hidden
2025-11-23 10:17:50,418 - ui.settings_view - INFO - Settings view shown
2025-11-23 10:17:50,419 - managers.settings_manager - INFO - Settings shown, tab: graphics
