2025-11-23 14:08:35,271 - monitoring_system - INFO - Integrated monitoring system initialized
2025-11-23 14:08:35,363 - managers.save_manager - INFO - SaveManager initialized with directory: C:\Users\cheat\AppData\Roaming\TurboShells
2025-11-23 14:08:35,364 - managers.save_manager - INFO - SaveManager initialized with directory: C:\Users\cheat\AppData\Roaming\TurboShells
2025-11-23 14:08:35,373 - core.config - INFO - Configuration loaded successfully
2025-11-23 14:08:35,374 - core.graphics_manager - INFO - Loaded graphics settings: 1024x768
2025-11-23 14:08:35,435 - core.graphics_manager - INFO - Display initialized: (1024, 768), Fullscreen: False
2025-11-23 14:08:35,436 - core.audio_manager - INFO - Loaded audio settings: Master Volume 0.5, Enabled True
2025-11-23 14:08:35,498 - core.audio_manager - INFO - Audio system initialized successfully
2025-11-23 14:08:35,504 - overlay - ERROR - Failed to initialize overlay: font not initialized
2025-11-23 14:08:35,566 - main - INFO - Initializing TurboShells game...
2025-11-23 14:08:35,567 - monitoring - WARNING - Low FPS: 0.0
2025-11-23 14:08:35,567 - monitoring - INFO - Real-time monitoring started
2025-11-23 14:08:35,567 - statistics - INFO - New gaming session started
2025-11-23 14:08:35,567 - monitoring_system - INFO - Monitoring system started
2025-11-23 14:08:35,568 - main - INFO - Monitoring system started
2025-11-23 14:08:35,572 - ui.settings_view - INFO - Settings view initialized
2025-11-23 14:08:35,572 - managers.settings_manager - INFO - Settings manager initialized
2025-11-23 14:08:35,573 - managers.save_manager - INFO - SaveManager initialized with directory: C:\Users\cheat\AppData\Roaming\TurboShells
2025-11-23 14:08:35,582 - core.auto_load_system - INFO - Save file found at C:\Users\cheat\AppData\Roaming\TurboShells\turbo_shells_save.json
2025-11-23 14:08:35,583 - core.auto_load_system - INFO - Attempting to restore game state from save file
2025-11-23 14:08:35,593 - managers.save_manager - INFO - Game loaded successfully from C:\Users\cheat\AppData\Roaming\TurboShells\turbo_shells_save.json
2025-11-23 14:08:35,594 - core.auto_load_system - INFO - Successfully restored game state for player player_20251123_112134
2025-11-23 14:09:59,826 - managers.save_manager - INFO - Backup created successfully
2025-11-23 14:09:59,828 - managers.save_manager - INFO - Game saved successfully to C:\Users\cheat\AppData\Roaming\TurboShells\turbo_shells_save.json
2025-11-23 14:10:00,626 - monitoring - INFO - Real-time monitoring stopped
2025-11-23 14:10:00,627 - statistics - INFO - Session ended: {'start_time': '2025-11-23T14:08:35.567752', 'duration_minutes': 1, 'races_completed': 0, 'races_won': 0, 'earnings': 0.0}
2025-11-23 14:10:00,627 - monitoring_system - INFO - Monitoring system stopped
