2025-11-23 14:13:29,835 - monitoring_system - INFO - Integrated monitoring system initialized
2025-11-23 14:13:29,931 - managers.save_manager - INFO - SaveManager initialized with directory: C:\Users\cheat\AppData\Roaming\TurboShells
2025-11-23 14:13:29,931 - managers.save_manager - INFO - SaveManager initialized with directory: C:\Users\cheat\AppData\Roaming\TurboShells
2025-11-23 14:13:29,940 - core.config - INFO - Configuration loaded successfully
2025-11-23 14:13:29,942 - core.graphics_manager - INFO - Loaded graphics settings: 1024x768
2025-11-23 14:13:30,012 - core.graphics_manager - INFO - Display initialized: (1024, 768), Fullscreen: False
2025-11-23 14:13:30,013 - core.audio_manager - INFO - Loaded audio settings: Master Volume 0.5, Enabled True
2025-11-23 14:13:30,463 - core.audio_manager - INFO - Audio system initialized successfully
2025-11-23 14:13:30,472 - overlay - ERROR - Failed to initialize overlay: font not initialized
2025-11-23 14:13:30,525 - main - INFO - Initializing TurboShells game...
2025-11-23 14:13:30,526 - monitoring - WARNING - Low FPS: 0.0
2025-11-23 14:13:30,526 - monitoring - INFO - Real-time monitoring started
2025-11-23 14:13:30,527 - statistics - INFO - New gaming session started
2025-11-23 14:13:30,527 - monitoring_system - INFO - Monitoring system started
2025-11-23 14:13:30,527 - main - INFO - Monitoring system started
2025-11-23 14:13:30,530 - ui.settings_view - INFO - Settings view initialized
2025-11-23 14:13:30,530 - managers.settings_manager - INFO - Settings manager initialized
2025-11-23 14:13:30,531 - managers.save_manager - INFO - SaveManager initialized with directory: C:\Users\cheat\AppData\Roaming\TurboShells
2025-11-23 14:13:30,532 - core.auto_load_system - INFO - Save file found at C:\Users\cheat\AppData\Roaming\TurboShells\turbo_shells_save.json
2025-11-23 14:13:30,532 - core.auto_load_system - INFO - Attempting to restore game state from save file
2025-11-23 14:13:30,533 - managers.save_manager - INFO - Game loaded successfully from C:\Users\cheat\AppData\Roaming\TurboShells\turbo_shells_save.json
2025-11-23 14:13:30,534 - core.auto_load_system - INFO - Successfully restored game state for player player_20251123_112134
2025-11-23 14:13:38,875 - statistics - INFO - Race recorded: Won, $70.00, Position 1
2025-11-23 14:13:38,881 - managers.save_manager - INFO - Backup created successfully
2025-11-23 14:13:38,884 - managers.save_manager - INFO - Game saved successfully to C:\Users\cheat\AppData\Roaming\TurboShells\turbo_shells_save.json
2025-11-23 14:13:39,862 - statistics - INFO - Race recorded: Won, $70.00, Position 1
2025-11-23 14:13:39,866 - managers.save_manager - INFO - Backup created successfully
2025-11-23 14:13:39,867 - managers.save_manager - INFO - Game saved successfully to C:\Users\cheat\AppData\Roaming\TurboShells\turbo_shells_save.json
2025-11-23 14:13:40,226 - statistics - INFO - Race recorded: Won, $70.00, Position 1
2025-11-23 14:13:40,231 - managers.save_manager - INFO - Backup created successfully
2025-11-23 14:13:40,233 - managers.save_manager - INFO - Game saved successfully to C:\Users\cheat\AppData\Roaming\TurboShells\turbo_shells_save.json
2025-11-23 14:13:40,642 - statistics - INFO - Race recorded: Won, $70.00, Position 1
2025-11-23 14:13:40,647 - managers.save_manager - INFO - Backup created successfully
2025-11-23 14:13:40,649 - managers.save_manager - INFO - Game saved successfully to C:\Users\cheat\AppData\Roaming\TurboShells\turbo_shells_save.json
2025-11-23 14:13:41,025 - statistics - INFO - Race recorded: Won, $70.00, Position 1
2025-11-23 14:13:41,030 - managers.save_manager - INFO - Backup created successfully
2025-11-23 14:13:41,031 - managers.save_manager - INFO - Game saved successfully to C:\Users\cheat\AppData\Roaming\TurboShells\turbo_shells_save.json
2025-11-23 14:13:41,310 - statistics - INFO - Race recorded: Won, $70.00, Position 1
2025-11-23 14:13:41,319 - managers.save_manager - INFO - Backup created successfully
2025-11-23 14:13:41,321 - managers.save_manager - INFO - Game saved successfully to C:\Users\cheat\AppData\Roaming\TurboShells\turbo_shells_save.json
2025-11-23 14:13:41,637 - statistics - INFO - Race recorded: Won, $70.00, Position 1
2025-11-23 14:13:41,641 - managers.save_manager - INFO - Backup created successfully
2025-11-23 14:13:41,642 - managers.save_manager - INFO - Game saved successfully to C:\Users\cheat\AppData\Roaming\TurboShells\turbo_shells_save.json
2025-11-23 14:13:42,004 - statistics - INFO - Race recorded: Won, $70.00, Position 1
2025-11-23 14:13:42,009 - managers.save_manager - INFO - Backup created successfully
2025-11-23 14:13:42,011 - managers.save_manager - INFO - Game saved successfully to C:\Users\cheat\AppData\Roaming\TurboShells\turbo_shells_save.json
2025-11-23 14:13:42,355 - statistics - INFO - Race recorded: Won, $70.00, Position 1
2025-11-23 14:13:42,360 - managers.save_manager - INFO - Backup created successfully
2025-11-23 14:13:42,361 - managers.save_manager - INFO - Game saved successfully to C:\Users\cheat\AppData\Roaming\TurboShells\turbo_shells_save.json
2025-11-23 14:13:42,670 - statistics - INFO - Race recorded: Won, $70.00, Position 1
2025-11-23 14:13:42,674 - managers.save_manager - INFO - Backup created successfully
2025-11-23 14:13:42,675 - managers.save_manager - INFO - Game saved successfully to C:\Users\cheat\AppData\Roaming\TurboShells\turbo_shells_save.json
2025-11-23 14:13:43,020 - statistics - INFO - Race recorded: Won, $70.00, Position 1
2025-11-23 14:13:43,024 - managers.save_manager - INFO - Backup created successfully
2025-11-23 14:13:43,025 - managers.save_manager - INFO - Game saved successfully to C:\Users\cheat\AppData\Roaming\TurboShells\turbo_shells_save.json
2025-11-23 14:13:43,369 - statistics - INFO - Race recorded: Won, $70.00, Position 1
2025-11-23 14:13:43,374 - managers.save_manager - INFO - Backup created successfully
2025-11-23 14:13:43,375 - managers.save_manager - INFO - Game saved successfully to C:\Users\cheat\AppData\Roaming\TurboShells\turbo_shells_save.json
2025-11-23 14:13:43,635 - statistics - INFO - Race recorded: Won, $70.00, Position 1
2025-11-23 14:13:43,640 - managers.save_manager - INFO - Backup created successfully
2025-11-23 14:13:43,641 - managers.save_manager - INFO - Game saved successfully to C:\Users\cheat\AppData\Roaming\TurboShells\turbo_shells_save.json
2025-11-23 14:13:43,985 - statistics - INFO - Race recorded: Won, $70.00, Position 1
2025-11-23 14:13:43,989 - managers.save_manager - INFO - Backup created successfully
2025-11-23 14:13:43,991 - managers.save_manager - INFO - Game saved successfully to C:\Users\cheat\AppData\Roaming\TurboShells\turbo_shells_save.json
2025-11-23 14:13:44,331 - statistics - INFO - Race recorded: Won, $70.00, Position 1
2025-11-23 14:13:44,335 - managers.save_manager - INFO - Backup created successfully
2025-11-23 14:13:44,336 - managers.save_manager - INFO - Game saved successfully to C:\Users\cheat\AppData\Roaming\TurboShells\turbo_shells_save.json
2025-11-23 14:13:44,631 - statistics - INFO - Race recorded: Won, $70.00, Position 1
2025-11-23 14:13:44,635 - managers.save_manager - INFO - Backup created successfully
2025-11-23 14:13:44,636 - managers.save_manager - INFO - Game saved successfully to C:\Users\cheat\AppData\Roaming\TurboShells\turbo_shells_save.json
2025-11-23 14:13:45,996 - managers.save_manager - INFO - Backup created successfully
2025-11-23 14:13:45,997 - managers.save_manager - INFO - Game saved successfully to C:\Users\cheat\AppData\Roaming\TurboShells\turbo_shells_save.json
2025-11-23 14:13:46,537 - monitoring - INFO - Real-time monitoring stopped
2025-11-23 14:13:46,537 - statistics - INFO - Session ended: {'start_time': '2025-11-23T14:13:30.527086', 'duration_minutes': 0, 'races_completed': 16, 'races_won': 16, 'earnings': 1120.0}
2025-11-23 14:13:46,538 - monitoring_system - INFO - Monitoring system stopped
