2025-11-23 13:03:18,281 - monitoring_system - INFO - Integrated monitoring system initialized
2025-11-23 13:03:18,372 - managers.save_manager - INFO - SaveManager initialized with directory: C:\Users\cheat\AppData\Roaming\TurboShells
2025-11-23 13:03:18,373 - managers.save_manager - INFO - SaveManager initialized with directory: C:\Users\cheat\AppData\Roaming\TurboShells
2025-11-23 13:03:18,382 - core.config - INFO - Configuration loaded successfully
2025-11-23 13:03:18,383 - core.graphics_manager - INFO - Loaded graphics settings: 1024x768
2025-11-23 13:03:18,465 - core.graphics_manager - INFO - Display initialized: (1024, 768), Fullscreen: False
2025-11-23 13:03:18,468 - core.audio_manager - INFO - Loaded audio settings: Master Volume 0.5, Enabled True
2025-11-23 13:03:18,912 - core.audio_manager - INFO - Audio system initialized successfully
2025-11-23 13:03:18,918 - overlay - ERROR - Failed to initialize overlay: font not initialized
2025-11-23 13:03:18,988 - main - INFO - Initializing TurboShells game...
2025-11-23 13:03:18,989 - monitoring - WARNING - Low FPS: 0.0
2025-11-23 13:03:18,989 - monitoring - INFO - Real-time monitoring started
2025-11-23 13:03:18,990 - statistics - INFO - New gaming session started
2025-11-23 13:03:18,990 - monitoring_system - INFO - Monitoring system started
2025-11-23 13:03:18,990 - main - INFO - Monitoring system started
2025-11-23 13:03:18,993 - ui.settings_view - INFO - Settings view initialized
2025-11-23 13:03:18,993 - managers.settings_manager - INFO - Settings manager initialized
2025-11-23 13:03:18,994 - managers.save_manager - INFO - SaveManager initialized with directory: C:\Users\cheat\AppData\Roaming\TurboShells
2025-11-23 13:03:19,004 - core.auto_load_system - INFO - Save file found at C:\Users\cheat\AppData\Roaming\TurboShells\turbo_shells_save.json
2025-11-23 13:03:19,004 - core.auto_load_system - INFO - Attempting to restore game state from save file
2025-11-23 13:03:19,015 - managers.save_manager - INFO - Game loaded successfully from C:\Users\cheat\AppData\Roaming\TurboShells\turbo_shells_save.json
2025-11-23 13:03:19,016 - core.auto_load_system - INFO - Successfully restored game state for player player_20251123_112134
2025-11-23 13:03:19,019 - error_monitor - ERROR - NameError in game_update: name 'AUTO_SAVE_INTERVAL' is not defined
2025-11-23 13:03:19,019 - main - ERROR - Error in game update: name 'AUTO_SAVE_INTERVAL' is not defined
2025-11-23 13:03:19,024 - managers.save_manager - INFO - Backup created successfully
2025-11-23 13:03:19,025 - managers.save_manager - INFO - Game saved successfully to C:\Users\cheat\AppData\Roaming\TurboShells\turbo_shells_save.json
