2025-11-23 13:03:49,482 - monitoring_system - INFO - Integrated monitoring system initialized
2025-11-23 13:03:49,573 - managers.save_manager - INFO - SaveManager initialized with directory: C:\Users\cheat\AppData\Roaming\TurboShells
2025-11-23 13:03:49,574 - managers.save_manager - INFO - SaveManager initialized with directory: C:\Users\cheat\AppData\Roaming\TurboShells
2025-11-23 13:03:49,583 - core.config - INFO - Configuration loaded successfully
2025-11-23 13:03:49,584 - core.graphics_manager - INFO - Loaded graphics settings: 1024x768
2025-11-23 13:03:49,653 - core.graphics_manager - INFO - Display initialized: (1024, 768), Fullscreen: False
2025-11-23 13:03:49,656 - core.audio_manager - INFO - Loaded audio settings: Master Volume 0.5, Enabled True
2025-11-23 13:03:50,118 - core.audio_manager - INFO - Audio system initialized successfully
2025-11-23 13:03:50,125 - overlay - ERROR - Failed to initialize overlay: font not initialized
2025-11-23 13:03:50,187 - main - INFO - Initializing TurboShells game...
2025-11-23 13:03:50,187 - monitoring - WARNING - Low FPS: 0.0
2025-11-23 13:03:50,187 - monitoring - INFO - Real-time monitoring started
2025-11-23 13:03:50,188 - statistics - INFO - New gaming session started
2025-11-23 13:03:50,188 - monitoring_system - INFO - Monitoring system started
2025-11-23 13:03:50,188 - main - INFO - Monitoring system started
2025-11-23 13:03:50,191 - ui.settings_view - INFO - Settings view initialized
2025-11-23 13:03:50,191 - managers.settings_manager - INFO - Settings manager initialized
2025-11-23 13:03:50,192 - managers.save_manager - INFO - SaveManager initialized with directory: C:\Users\cheat\AppData\Roaming\TurboShells
2025-11-23 13:03:50,203 - core.auto_load_system - INFO - Save file found at C:\Users\cheat\AppData\Roaming\TurboShells\turbo_shells_save.json
2025-11-23 13:03:50,204 - core.auto_load_system - INFO - Attempting to restore game state from save file
2025-11-23 13:03:50,215 - managers.save_manager - INFO - Game loaded successfully from C:\Users\cheat\AppData\Roaming\TurboShells\turbo_shells_save.json
2025-11-23 13:03:50,215 - core.auto_load_system - INFO - Successfully restored game state for player player_20251123_112134
2025-11-23 13:04:02,811 - managers.save_manager - INFO - Backup created successfully
2025-11-23 13:04:02,812 - managers.save_manager - INFO - Game saved successfully to C:\Users\cheat\AppData\Roaming\TurboShells\turbo_shells_save.json
2025-11-23 13:04:03,198 - monitoring - INFO - Real-time monitoring stopped
2025-11-23 13:04:03,199 - statistics - INFO - Session ended: {'start_time': '2025-11-23T13:03:50.188280', 'duration_minutes': 0, 'races_completed': 0, 'races_won': 0, 'earnings': 0.0}
2025-11-23 13:04:03,199 - monitoring_system - INFO - Monitoring system stopped
