2025-11-23 15:15:18,025 - monitoring_system - INFO - Integrated monitoring system initialized
2025-11-23 15:15:18,164 - managers.save_manager - INFO - SaveManager initialized with directory: C:\Users\cheat\AppData\Roaming\TurboShells
2025-11-23 15:15:18,165 - managers.save_manager - INFO - SaveManager initialized with directory: C:\Users\cheat\AppData\Roaming\TurboShells
2025-11-23 15:15:18,208 - core.config - INFO - Configuration loaded successfully
2025-11-23 15:15:18,210 - core.graphics_manager - INFO - Loaded graphics settings: 1024x768
2025-11-23 15:15:18,362 - core.graphics_manager - INFO - Display initialized: (1024, 768), Fullscreen: False
2025-11-23 15:15:18,366 - core.audio_manager - INFO - Loaded audio settings: Master Volume 0.5, Enabled True
2025-11-23 15:15:18,723 - core.audio_manager - INFO - Audio system initialized successfully
2025-11-23 15:15:18,738 - overlay - ERROR - Failed to initialize overlay: font not initialized
2025-11-23 15:15:18,867 - main - INFO - Initializing TurboShells game...
2025-11-23 15:15:18,868 - monitoring - WARNING - Low FPS: 0.0
2025-11-23 15:15:18,869 - monitoring - INFO - Real-time monitoring started
2025-11-23 15:15:18,869 - statistics - INFO - New gaming session started
2025-11-23 15:15:18,869 - monitoring_system - INFO - Monitoring system started
2025-11-23 15:15:18,869 - main - INFO - Monitoring system started
2025-11-23 15:15:18,873 - ui.settings_view - INFO - Settings view initialized
2025-11-23 15:15:18,873 - managers.settings_manager - INFO - Settings manager initialized
2025-11-23 15:15:18,875 - managers.save_manager - INFO - SaveManager initialized with directory: C:\Users\cheat\AppData\Roaming\TurboShells
2025-11-23 15:15:18,877 - core.auto_load_system - INFO - Save file found at C:\Users\cheat\AppData\Roaming\TurboShells\turbo_shells_save.json
2025-11-23 15:15:18,877 - core.auto_load_system - INFO - Attempting to restore game state from save file
2025-11-23 15:15:18,879 - managers.save_manager - INFO - Game loaded successfully from C:\Users\cheat\AppData\Roaming\TurboShells\turbo_shells_save.json
2025-11-23 15:15:18,880 - core.auto_load_system - INFO - Successfully restored game state for player player_20251123_112134
2025-11-23 15:15:20,182 - ui.settings_view - INFO - Settings view shown
2025-11-23 15:15:20,182 - managers.settings_manager - INFO - Settings shown, tab: graphics
2025-11-23 15:15:31,373 - managers.save_manager - INFO - Backup created successfully
2025-11-23 15:15:31,375 - managers.save_manager - INFO - Game saved successfully to C:\Users\cheat\AppData\Roaming\TurboShells\turbo_shells_save.json
2025-11-23 15:15:31,880 - monitoring - INFO - Real-time monitoring stopped
2025-11-23 15:15:31,882 - statistics - INFO - Session ended: {'start_time': '2025-11-23T15:15:18.869452', 'duration_minutes': 0, 'races_completed': 0, 'races_won': 0, 'earnings': 0.0}
2025-11-23 15:15:31,883 - monitoring_system - INFO - Monitoring system stopped
