2025-11-23 22:46:48,790 - monitoring_system - INFO - Integrated monitoring system initialized
2025-11-23 22:46:49,541 - managers.save_manager - INFO - SaveManager initialized with directory: C:\Users\cheat\AppData\Roaming\TurboShells
2025-11-23 22:46:49,541 - managers.save_manager - INFO - SaveManager initialized with directory: C:\Users\cheat\AppData\Roaming\TurboShells
2025-11-23 22:46:49,551 - core.config - INFO - Configuration loaded successfully
2025-11-23 22:46:49,554 - core.graphics_manager - INFO - Loaded graphics settings: 1024x768
2025-11-23 22:46:49,622 - core.graphics_manager - INFO - Display initialized: (1024, 768), Fullscreen: False
2025-11-23 22:46:49,623 - core.audio_manager - INFO - Loaded audio settings: Master Volume 0.5, Enabled True
2025-11-23 22:46:50,001 - core.audio_manager - INFO - Audio system initialized successfully
2025-11-23 22:46:50,012 - overlay - ERROR - Failed to initialize overlay: font not initialized
2025-11-23 22:46:50,071 - main - INFO - Initializing TurboShells game...
2025-11-23 22:46:50,072 - monitoring - WARNING - Low FPS: 0.0
2025-11-23 22:46:50,072 - monitoring - INFO - Real-time monitoring started
2025-11-23 22:46:50,072 - statistics - INFO - New gaming session started
2025-11-23 22:46:50,072 - monitoring_system - INFO - Monitoring system started
2025-11-23 22:46:50,072 - main - INFO - Monitoring system started
2025-11-23 22:46:50,075 - components.settings_view_refactored - INFO - Refactored settings view initialized
2025-11-23 22:46:50,075 - managers.settings_manager - INFO - Settings manager initialized
2025-11-23 22:46:50,076 - managers.save_manager - INFO - SaveManager initialized with directory: C:\Users\cheat\AppData\Roaming\TurboShells
2025-11-23 22:46:50,089 - core.auto_load_system - INFO - Save file found at C:\Users\cheat\AppData\Roaming\TurboShells\turbo_shells_save.json
2025-11-23 22:46:50,089 - core.auto_load_system - INFO - Attempting to restore game state from save file
2025-11-23 22:46:50,105 - managers.save_manager - INFO - Game loaded successfully from C:\Users\cheat\AppData\Roaming\TurboShells\turbo_shells_save.json
2025-11-23 22:46:50,107 - core.auto_load_system - INFO - Successfully restored game state for player player_20251123_112134
2025-11-23 22:46:50,672 - components.settings_view_refactored - INFO - Settings view shown
2025-11-23 22:46:50,673 - managers.settings_manager - INFO - Settings shown, tab: graphics
2025-11-23 22:46:50,680 - managers.save_manager - INFO - Backup created successfully
2025-11-23 22:46:50,681 - managers.save_manager - INFO - Game saved successfully to C:\Users\cheat\AppData\Roaming\TurboShells\turbo_shells_save.json
